2017-04-25 15:30:20,118 - INFO - Beginning execution of dms_barcodedsubamplicons in directory /fh/fast/bloom_j/computational_notebooks/adingens/2017/BF520_MAP_PGT151

2017-04-25 15:30:20,119 - INFO - Progress will be logged to ./counts//mut-DNA_2_.log
2017-04-25 15:30:20,968 - INFO - Version information for dms_tools and associated packages.
	Time and date: Tue Apr 25 15:30:20 2017
	Platform: Linux-3.13.0-57-generic-x86_64-with-Ubuntu-14.04-trusty
	Python version: 2.7.6 (default, Jun 22 2015, 17:58:13)  [GCC 4.8.2]
	dms_tools version: 1.2.dev1
	Bio version: 1.68
	numpy version: 1.11.2
	scipy version: 0.18.1
	matplotlib version: 1.5.3
	cython version: 0.25.2
	pystan version: 2.12.0.0
	weblogolib version: 3.4
	PyPDF2 version: 1.26.0
	pandas version: 0.19.1

2017-04-25 15:30:20,968 - INFO - Parsed the following arguments:
	minreadconcurrence = 0.51
	maxmuts = 4
	maxlowqfrac = 0.075
	r1files = ['FASTQ_files/mut-DNA_2_1.fastq']
	minreadidentity = 0.9
	purgefrac = 0
	R1trimlength = 205
	R1_is_antisense = False
	r2files = ['FASTQ_files/mut-DNA_2_2.fastq']
	alignspecs = [(88, 417, 40, 39), (418, 753, 39, 35), (754, 1092, 36, 39), (1093, 1447, 35, 29), (1407, 1758, 35, 32), (1759, 2097, 30, 36), (2098, 2433, 39, 35)]
	R2trimlength = 212
	maxreadtrim = 3
	barcodeinfo = False
	chartype = codon
	barcodelength = 8
	minreadsperbarcode = 2
	minq = 15
	outprefix = ./counts//mut-DNA_2_
	refseq = BF520c2-Env.fasta
	purgereadfrac = 0
	seed = 1

2017-04-25 15:30:20,996 - INFO - Read a reference sequence of 853 codons from BF520c2-Env.fasta

2017-04-25 15:30:20,996 - INFO - Now parsing reads from the following:
	r1files: FASTQ_files/mut-DNA_2_1.fastq
	r2files: FASTQ_files/mut-DNA_2_2.fastq
2017-04-25 15:30:22,000 - INFO - Reads parsed so far: 100000
2017-04-25 15:30:23,061 - INFO - Reads parsed so far: 200000
2017-04-25 15:30:24,121 - INFO - Reads parsed so far: 300000
2017-04-25 15:30:25,155 - INFO - Reads parsed so far: 400000
2017-04-25 15:30:26,255 - INFO - Reads parsed so far: 500000
2017-04-25 15:30:27,225 - INFO - Reads parsed so far: 600000
2017-04-25 15:30:28,402 - INFO - Reads parsed so far: 700000
2017-04-25 15:30:29,377 - INFO - Reads parsed so far: 800000
2017-04-25 15:30:30,557 - INFO - Reads parsed so far: 900000
2017-04-25 15:30:31,547 - INFO - Reads parsed so far: 1000000
2017-04-25 15:30:32,546 - INFO - Reads parsed so far: 1100000
2017-04-25 15:30:33,897 - INFO - Reads parsed so far: 1200000
2017-04-25 15:30:34,875 - INFO - Reads parsed so far: 1300000
2017-04-25 15:30:35,868 - INFO - Reads parsed so far: 1400000
2017-04-25 15:30:37,214 - INFO - Reads parsed so far: 1500000
2017-04-25 15:30:38,194 - INFO - Reads parsed so far: 1600000
2017-04-25 15:30:39,189 - INFO - Reads parsed so far: 1700000
2017-04-25 15:30:40,167 - INFO - Reads parsed so far: 1800000
2017-04-25 15:30:41,647 - INFO - Reads parsed so far: 1900000
2017-04-25 15:30:42,635 - INFO - Reads parsed so far: 2000000
2017-04-25 15:30:43,718 - INFO - Reads parsed so far: 2100000
2017-04-25 15:30:44,711 - INFO - Reads parsed so far: 2200000
2017-04-25 15:30:45,693 - INFO - Reads parsed so far: 2300000
2017-04-25 15:30:46,672 - INFO - Reads parsed so far: 2400000
2017-04-25 15:30:48,316 - INFO - Reads parsed so far: 2500000
2017-04-25 15:30:49,304 - INFO - Reads parsed so far: 2600000
2017-04-25 15:30:50,291 - INFO - Reads parsed so far: 2700000
2017-04-25 15:30:51,276 - INFO - Reads parsed so far: 2800000
2017-04-25 15:30:52,260 - INFO - Reads parsed so far: 2900000
2017-04-25 15:30:53,239 - INFO - Reads parsed so far: 3000000
2017-04-25 15:30:54,227 - INFO - Reads parsed so far: 3100000
2017-04-25 15:30:55,225 - INFO - Reads parsed so far: 3200000
2017-04-25 15:30:57,083 - INFO - Reads parsed so far: 3300000
2017-04-25 15:30:58,071 - INFO - Reads parsed so far: 3400000
2017-04-25 15:30:59,056 - INFO - Reads parsed so far: 3500000
2017-04-25 15:31:00,043 - INFO - Reads parsed so far: 3600000
2017-04-25 15:31:01,034 - INFO - Reads parsed so far: 3700000
2017-04-25 15:31:02,020 - INFO - Reads parsed so far: 3800000
2017-04-25 15:31:03,010 - INFO - Reads parsed so far: 3900000
2017-04-25 15:31:03,994 - INFO - Reads parsed so far: 4000000
2017-04-25 15:31:04,982 - INFO - Reads parsed so far: 4100000
2017-04-25 15:31:05,959 - INFO - Reads parsed so far: 4200000
2017-04-25 15:31:06,956 - INFO - Reads parsed so far: 4300000
2017-04-25 15:31:07,933 - INFO - Reads parsed so far: 4400000
2017-04-25 15:31:10,118 - INFO - Reads parsed so far: 4500000
2017-04-25 15:31:11,105 - INFO - Reads parsed so far: 4600000
2017-04-25 15:31:12,099 - INFO - Reads parsed so far: 4700000
2017-04-25 15:31:13,093 - INFO - Reads parsed so far: 4800000
2017-04-25 15:31:14,071 - INFO - Reads parsed so far: 4900000
2017-04-25 15:31:15,271 - INFO - Reads parsed so far: 5000000
2017-04-25 15:31:16,268 - INFO - Reads parsed so far: 5100000
2017-04-25 15:31:17,249 - INFO - Reads parsed so far: 5200000
2017-04-25 15:31:18,226 - INFO - Reads parsed so far: 5300000
2017-04-25 15:31:19,225 - INFO - Reads parsed so far: 5400000
2017-04-25 15:31:20,205 - INFO - Reads parsed so far: 5500000
2017-04-25 15:31:21,197 - INFO - Reads parsed so far: 5600000
2017-04-25 15:31:22,179 - INFO - Reads parsed so far: 5700000
2017-04-25 15:31:23,158 - INFO - Reads parsed so far: 5800000
2017-04-25 15:31:24,150 - INFO - Reads parsed so far: 5900000
2017-04-25 15:31:25,145 - INFO - Reads parsed so far: 6000000
2017-04-25 15:31:27,878 - INFO - Reads parsed so far: 6100000
2017-04-25 15:31:28,858 - INFO - Reads parsed so far: 6200000
2017-04-25 15:31:29,841 - INFO - Reads parsed so far: 6300000
2017-04-25 15:31:30,834 - INFO - Reads parsed so far: 6400000
2017-04-25 15:31:31,811 - INFO - Reads parsed so far: 6500000
2017-04-25 15:31:32,795 - INFO - Reads parsed so far: 6600000
2017-04-25 15:31:33,779 - INFO - Reads parsed so far: 6700000
2017-04-25 15:31:34,758 - INFO - Reads parsed so far: 6800000
2017-04-25 15:31:35,749 - INFO - Reads parsed so far: 6900000
2017-04-25 15:31:36,733 - INFO - Reads parsed so far: 7000000
2017-04-25 15:31:37,734 - INFO - Reads parsed so far: 7100000
2017-04-25 15:31:38,712 - INFO - Reads parsed so far: 7200000
2017-04-25 15:31:39,690 - INFO - Reads parsed so far: 7300000
2017-04-25 15:31:40,682 - INFO - Reads parsed so far: 7400000
2017-04-25 15:31:41,660 - INFO - Reads parsed so far: 7500000
2017-04-25 15:31:42,641 - INFO - Reads parsed so far: 7600000
2017-04-25 15:31:43,635 - INFO - Reads parsed so far: 7700000
2017-04-25 15:31:44,614 - INFO - Reads parsed so far: 7800000
2017-04-25 15:31:45,595 - INFO - Reads parsed so far: 7900000
2017-04-25 15:31:46,583 - INFO - Reads parsed so far: 8000000
2017-04-25 15:31:47,566 - INFO - Reads parsed so far: 8100000
2017-04-25 15:31:48,554 - INFO - Reads parsed so far: 8200000
2017-04-25 15:31:49,544 - INFO - Reads parsed so far: 8300000
2017-04-25 15:31:50,524 - INFO - Reads parsed so far: 8400000
2017-04-25 15:31:51,511 - INFO - Reads parsed so far: 8500000
2017-04-25 15:31:52,495 - INFO - Reads parsed so far: 8600000
2017-04-25 15:31:55,797 - INFO - Reads parsed so far: 8700000
2017-04-25 15:31:56,794 - INFO - Reads parsed so far: 8800000
2017-04-25 15:31:57,777 - INFO - Reads parsed so far: 8900000
2017-04-25 15:31:58,761 - INFO - Reads parsed so far: 9000000
2017-04-25 15:31:59,751 - INFO - Reads parsed so far: 9100000
2017-04-25 15:32:00,742 - INFO - Reads parsed so far: 9200000
2017-04-25 15:32:01,721 - INFO - Reads parsed so far: 9300000
2017-04-25 15:32:02,710 - INFO - Reads parsed so far: 9400000
2017-04-25 15:32:03,692 - INFO - Reads parsed so far: 9500000
2017-04-25 15:32:04,685 - INFO - Reads parsed so far: 9600000
2017-04-25 15:32:05,666 - INFO - Reads parsed so far: 9700000
2017-04-25 15:32:06,652 - INFO - Reads parsed so far: 9800000
2017-04-25 15:32:07,643 - INFO - Reads parsed so far: 9900000
2017-04-25 15:32:08,623 - INFO - Reads parsed so far: 10000000
2017-04-25 15:32:09,617 - INFO - Reads parsed so far: 10100000
2017-04-25 15:32:10,614 - INFO - Reads parsed so far: 10200000
2017-04-25 15:32:11,596 - INFO - Reads parsed so far: 10300000
2017-04-25 15:32:12,615 - INFO - Reads parsed so far: 10400000
2017-04-25 15:32:13,601 - INFO - Reads parsed so far: 10500000
2017-04-25 15:32:14,598 - INFO - Reads parsed so far: 10600000
2017-04-25 15:32:15,594 - INFO - Reads parsed so far: 10700000
2017-04-25 15:32:16,581 - INFO - Reads parsed so far: 10800000
2017-04-25 15:32:17,576 - INFO - Reads parsed so far: 10900000
2017-04-25 15:32:18,579 - INFO - Reads parsed so far: 11000000
2017-04-25 15:32:19,573 - INFO - Reads parsed so far: 11100000
2017-04-25 15:32:20,570 - INFO - Reads parsed so far: 11200000
2017-04-25 15:32:21,555 - INFO - Reads parsed so far: 11300000
2017-04-25 15:32:22,549 - INFO - Reads parsed so far: 11400000
2017-04-25 15:32:23,533 - INFO - Reads parsed so far: 11500000
2017-04-25 15:32:24,534 - INFO - Reads parsed so far: 11600000
2017-04-25 15:32:25,530 - INFO - Reads parsed so far: 11700000
2017-04-25 15:32:26,515 - INFO - Reads parsed so far: 11800000
2017-04-25 15:32:27,510 - INFO - Reads parsed so far: 11900000
2017-04-25 15:32:28,499 - INFO - Reads parsed so far: 12000000
2017-04-25 15:32:29,492 - INFO - Reads parsed so far: 12100000
2017-04-25 15:32:30,494 - INFO - Reads parsed so far: 12200000
2017-04-25 15:32:31,490 - INFO - Reads parsed so far: 12300000
2017-04-25 15:32:32,488 - INFO - Reads parsed so far: 12400000
2017-04-25 15:32:36,576 - INFO - Reads parsed so far: 12500000
2017-04-25 15:32:37,574 - INFO - Reads parsed so far: 12600000
2017-04-25 15:32:38,557 - INFO - Reads parsed so far: 12700000
2017-04-25 15:32:39,553 - INFO - Reads parsed so far: 12800000
2017-04-25 15:32:40,549 - INFO - Reads parsed so far: 12900000
2017-04-25 15:32:41,548 - INFO - Reads parsed so far: 13000000
2017-04-25 15:32:42,543 - INFO - Reads parsed so far: 13100000
2017-04-25 15:32:43,527 - INFO - Reads parsed so far: 13200000
2017-04-25 15:32:44,522 - INFO - Reads parsed so far: 13300000
2017-04-25 15:32:45,507 - INFO - Reads parsed so far: 13400000
2017-04-25 15:32:46,500 - INFO - Reads parsed so far: 13500000
2017-04-25 15:32:47,501 - INFO - Reads parsed so far: 13600000
2017-04-25 15:32:48,487 - INFO - Reads parsed so far: 13700000
2017-04-25 15:32:49,478 - INFO - Reads parsed so far: 13800000
2017-04-25 15:32:50,465 - INFO - Reads parsed so far: 13900000
2017-04-25 15:32:51,456 - INFO - Reads parsed so far: 14000000
2017-04-25 15:32:52,457 - INFO - Reads parsed so far: 14100000
2017-04-25 15:32:54,009 - INFO - Reads parsed so far: 14200000
2017-04-25 15:32:55,002 - INFO - Reads parsed so far: 14300000
2017-04-25 15:32:56,002 - INFO - Reads parsed so far: 14400000
2017-04-25 15:32:57,012 - INFO - Reads parsed so far: 14500000
2017-04-25 15:32:58,018 - INFO - Reads parsed so far: 14600000
2017-04-25 15:32:59,035 - INFO - Reads parsed so far: 14700000
2017-04-25 15:33:00,044 - INFO - Reads parsed so far: 14800000
2017-04-25 15:33:01,045 - INFO - Reads parsed so far: 14900000
2017-04-25 15:33:02,056 - INFO - Reads parsed so far: 15000000
2017-04-25 15:33:02,848 - INFO - Finished parsing all 15079309 reads; ended up with 5766865 unique barcodes.

2017-04-25 15:33:02,853 - INFO - Now examining the 5766865 barcodes to see if reads meet criteria for retention
2017-04-25 15:33:06,070 - INFO - Barcodes examined so far: 100000
2017-04-25 15:33:09,104 - INFO - Barcodes examined so far: 200000
2017-04-25 15:33:12,002 - INFO - Barcodes examined so far: 300000
2017-04-25 15:33:14,630 - INFO - Barcodes examined so far: 400000
2017-04-25 15:33:17,405 - INFO - Barcodes examined so far: 500000
2017-04-25 15:33:20,427 - INFO - Barcodes examined so far: 600000
2017-04-25 15:33:23,156 - INFO - Barcodes examined so far: 700000
2017-04-25 15:33:25,996 - INFO - Barcodes examined so far: 800000
2017-04-25 15:33:29,018 - INFO - Barcodes examined so far: 900000
2017-04-25 15:33:31,688 - INFO - Barcodes examined so far: 1000000
2017-04-25 15:33:34,278 - INFO - Barcodes examined so far: 1100000
2017-04-25 15:33:37,186 - INFO - Barcodes examined so far: 1200000
2017-04-25 15:33:39,987 - INFO - Barcodes examined so far: 1300000
2017-04-25 15:33:42,602 - INFO - Barcodes examined so far: 1400000
2017-04-25 15:33:45,275 - INFO - Barcodes examined so far: 1500000
2017-04-25 15:33:48,316 - INFO - Barcodes examined so far: 1600000
2017-04-25 15:33:50,922 - INFO - Barcodes examined so far: 1700000
2017-04-25 15:33:53,750 - INFO - Barcodes examined so far: 1800000
2017-04-25 15:33:56,721 - INFO - Barcodes examined so far: 1900000
2017-04-25 15:33:59,439 - INFO - Barcodes examined so far: 2000000
2017-04-25 15:34:02,025 - INFO - Barcodes examined so far: 2100000
2017-04-25 15:34:04,875 - INFO - Barcodes examined so far: 2200000
2017-04-25 15:34:07,761 - INFO - Barcodes examined so far: 2300000
2017-04-25 15:34:10,427 - INFO - Barcodes examined so far: 2400000
2017-04-25 15:34:13,268 - INFO - Barcodes examined so far: 2500000
2017-04-25 15:34:16,317 - INFO - Barcodes examined so far: 2600000
2017-04-25 15:34:19,068 - INFO - Barcodes examined so far: 2700000
2017-04-25 15:34:21,733 - INFO - Barcodes examined so far: 2800000
2017-04-25 15:34:24,772 - INFO - Barcodes examined so far: 2900000
2017-04-25 15:34:27,717 - INFO - Barcodes examined so far: 3000000
2017-04-25 15:34:30,531 - INFO - Barcodes examined so far: 3100000
2017-04-25 15:34:33,576 - INFO - Barcodes examined so far: 3200000
2017-04-25 15:34:36,601 - INFO - Barcodes examined so far: 3300000
2017-04-25 15:34:39,396 - INFO - Barcodes examined so far: 3400000
2017-04-25 15:34:42,413 - INFO - Barcodes examined so far: 3500000
2017-04-25 15:34:45,670 - INFO - Barcodes examined so far: 3600000
2017-04-25 15:34:48,499 - INFO - Barcodes examined so far: 3700000
2017-04-25 15:34:51,545 - INFO - Barcodes examined so far: 3800000
2017-04-25 15:34:54,854 - INFO - Barcodes examined so far: 3900000
2017-04-25 15:34:57,612 - INFO - Barcodes examined so far: 4000000
2017-04-25 15:35:00,830 - INFO - Barcodes examined so far: 4100000
2017-04-25 15:35:04,411 - INFO - Barcodes examined so far: 4200000
2017-04-25 15:35:07,529 - INFO - Barcodes examined so far: 4300000
2017-04-25 15:35:11,674 - INFO - Barcodes examined so far: 4400000
2017-04-25 15:35:16,030 - INFO - Barcodes examined so far: 4500000
2017-04-25 15:35:21,715 - INFO - Barcodes examined so far: 4600000
2017-04-25 15:35:26,868 - INFO - Barcodes examined so far: 4700000
2017-04-25 15:35:34,607 - INFO - Barcodes examined so far: 4800000
2017-04-25 15:35:41,720 - INFO - Barcodes examined so far: 4900000
2017-04-25 15:35:48,272 - INFO - Barcodes examined so far: 5000000
2017-04-25 15:35:56,311 - INFO - Barcodes examined so far: 5100000
2017-04-25 15:36:05,435 - INFO - Barcodes examined so far: 5200000
2017-04-25 15:36:15,620 - INFO - Barcodes examined so far: 5300000
2017-04-25 15:36:26,141 - INFO - Barcodes examined so far: 5400000
2017-04-25 15:36:38,161 - INFO - Barcodes examined so far: 5500000
2017-04-25 15:36:52,216 - INFO - Barcodes examined so far: 5600000
2017-04-25 15:37:11,290 - INFO - Barcodes examined so far: 5700000
2017-04-25 15:37:40,964 - INFO - Finished examining all 5766865 barcodes

2017-04-25 15:37:40,965 - INFO - Writing the codon counts to ./counts//mut-DNA_2_counts.txt
2017-04-25 15:37:41,001 - INFO - Here are the summary statistics (these are also being written to ./counts//mut-DNA_2_summarystats.txt):
	total read pairs = 15079309
	read pairs that fail Illumina filter = 0
	low quality read pairs = 4240532
	barcodes randomly purged = 0
	discarded barcodes with 1 reads = 3303443
	aligned barcodes with 2 reads = 924135
	discarded barcodes with 2 reads = 8913
	un-alignable barcodes with 2 reads = 167137
	aligned barcodes with 3 reads = 658359
	discarded barcodes with 3 reads = 7865
	un-alignable barcodes with 3 reads = 24602
	aligned barcodes with 4 reads = 346935
	discarded barcodes with 4 reads = 5662
	un-alignable barcodes with 4 reads = 11665
	aligned barcodes with 5 reads = 160503
	discarded barcodes with 5 reads = 3491
	un-alignable barcodes with 5 reads = 5586
	aligned barcodes with 6 reads = 69843
	discarded barcodes with 6 reads = 1964
	un-alignable barcodes with 6 reads = 2558
	aligned barcodes with 7 reads = 30913
	discarded barcodes with 7 reads = 1094
	un-alignable barcodes with 7 reads = 1266
	aligned barcodes with 8 reads = 14063
	discarded barcodes with 8 reads = 596
	un-alignable barcodes with 8 reads = 677
	aligned barcodes with 9 reads = 6998
	discarded barcodes with 9 reads = 365
	un-alignable barcodes with 9 reads = 344
	aligned barcodes with 10 reads = 3551
	discarded barcodes with 10 reads = 221
	un-alignable barcodes with 10 reads = 196
	aligned barcodes with 11 reads = 1777
	discarded barcodes with 11 reads = 111
	un-alignable barcodes with 11 reads = 105
	aligned barcodes with 12 reads = 931
	discarded barcodes with 12 reads = 63
	un-alignable barcodes with 12 reads = 48
	aligned barcodes with 13 reads = 407
	discarded barcodes with 13 reads = 35
	un-alignable barcodes with 13 reads = 22
	aligned barcodes with 14 reads = 193
	discarded barcodes with 14 reads = 21
	un-alignable barcodes with 14 reads = 14
	aligned barcodes with 15 reads = 92
	discarded barcodes with 15 reads = 9
	un-alignable barcodes with 15 reads = 5
	aligned barcodes with 16 reads = 39
	discarded barcodes with 16 reads = 9
	aligned barcodes with 17 reads = 19
	discarded barcodes with 17 reads = 5
	un-alignable barcodes with 17 reads = 1
	aligned barcodes with 18 reads = 4
	discarded barcodes with 18 reads = 1
	aligned barcodes with 19 reads = 2
	aligned barcodes with 20 reads = 4
	aligned barcodes with 21 reads = 2
	aligned barcodes with 22 reads = 1
2017-04-25 15:37:41,001 - INFO - Successful completion of dms_barcodedsubamplicons at Tue Apr 25 15:37:40 2017
