2017-04-25 15:07:33,377 - INFO - Beginning execution of dms_barcodedsubamplicons in directory /fh/fast/bloom_j/computational_notebooks/adingens/2017/BF520_MAP_PGT151

2017-04-25 15:07:33,377 - INFO - Progress will be logged to ./counts//mut-virus_3_.log
2017-04-25 15:07:34,047 - INFO - Version information for dms_tools and associated packages.
	Time and date: Tue Apr 25 15:07:33 2017
	Platform: Linux-3.13.0-57-generic-x86_64-with-Ubuntu-14.04-trusty
	Python version: 2.7.6 (default, Jun 22 2015, 17:58:13)  [GCC 4.8.2]
	dms_tools version: 1.2.dev1
	Bio version: 1.68
	numpy version: 1.11.2
	scipy version: 0.18.1
	matplotlib version: 1.5.3
	cython version: 0.25.2
	pystan version: 2.12.0.0
	weblogolib version: 3.4
	PyPDF2 version: 1.26.0
	pandas version: 0.19.1

2017-04-25 15:07:34,047 - INFO - Parsed the following arguments:
	minreadconcurrence = 0.51
	maxmuts = 4
	maxlowqfrac = 0.075
	r1files = ['FASTQ_files/mut-virus_3_1.fastq']
	minreadidentity = 0.9
	purgefrac = 0
	R1trimlength = 205
	R1_is_antisense = False
	r2files = ['FASTQ_files/mut-virus_3_2.fastq']
	alignspecs = [(88, 417, 40, 39), (418, 753, 39, 35), (754, 1092, 36, 39), (1093, 1447, 35, 29), (1407, 1758, 35, 32), (1759, 2097, 30, 36), (2098, 2433, 39, 35)]
	R2trimlength = 212
	maxreadtrim = 3
	barcodeinfo = False
	chartype = codon
	barcodelength = 8
	minreadsperbarcode = 2
	minq = 15
	outprefix = ./counts//mut-virus_3_
	refseq = BF520c2-Env.fasta
	purgereadfrac = 0
	seed = 1

2017-04-25 15:07:34,068 - INFO - Read a reference sequence of 853 codons from BF520c2-Env.fasta

2017-04-25 15:07:34,069 - INFO - Now parsing reads from the following:
	r1files: FASTQ_files/mut-virus_3_1.fastq
	r2files: FASTQ_files/mut-virus_3_2.fastq
2017-04-25 15:07:35,124 - INFO - Reads parsed so far: 100000
2017-04-25 15:07:36,129 - INFO - Reads parsed so far: 200000
2017-04-25 15:07:37,169 - INFO - Reads parsed so far: 300000
2017-04-25 15:07:38,237 - INFO - Reads parsed so far: 400000
2017-04-25 15:07:39,302 - INFO - Reads parsed so far: 500000
2017-04-25 15:07:40,436 - INFO - Reads parsed so far: 600000
2017-04-25 15:07:41,418 - INFO - Reads parsed so far: 700000
2017-04-25 15:07:42,518 - INFO - Reads parsed so far: 800000
2017-04-25 15:07:43,514 - INFO - Reads parsed so far: 900000
2017-04-25 15:07:44,693 - INFO - Reads parsed so far: 1000000
2017-04-25 15:07:45,687 - INFO - Reads parsed so far: 1100000
2017-04-25 15:07:46,680 - INFO - Reads parsed so far: 1200000
2017-04-25 15:07:47,676 - INFO - Reads parsed so far: 1300000
2017-04-25 15:07:49,013 - INFO - Reads parsed so far: 1400000
2017-04-25 15:07:50,002 - INFO - Reads parsed so far: 1500000
2017-04-25 15:07:50,996 - INFO - Reads parsed so far: 1600000
2017-04-25 15:07:52,350 - INFO - Reads parsed so far: 1700000
2017-04-25 15:07:53,343 - INFO - Reads parsed so far: 1800000
2017-04-25 15:07:54,341 - INFO - Reads parsed so far: 1900000
2017-04-25 15:07:55,323 - INFO - Reads parsed so far: 2000000
2017-04-25 15:07:56,319 - INFO - Reads parsed so far: 2100000
2017-04-25 15:07:57,879 - INFO - Reads parsed so far: 2200000
2017-04-25 15:07:58,938 - INFO - Reads parsed so far: 2300000
2017-04-25 15:07:59,973 - INFO - Reads parsed so far: 2400000
2017-04-25 15:08:00,966 - INFO - Reads parsed so far: 2500000
2017-04-25 15:08:01,961 - INFO - Reads parsed so far: 2600000
2017-04-25 15:08:02,950 - INFO - Reads parsed so far: 2700000
2017-04-25 15:08:04,495 - INFO - Reads parsed so far: 2800000
2017-04-25 15:08:05,486 - INFO - Reads parsed so far: 2900000
2017-04-25 15:08:06,498 - INFO - Reads parsed so far: 3000000
2017-04-25 15:08:07,488 - INFO - Reads parsed so far: 3100000
2017-04-25 15:08:08,486 - INFO - Reads parsed so far: 3200000
2017-04-25 15:08:09,482 - INFO - Reads parsed so far: 3300000
2017-04-25 15:08:10,479 - INFO - Reads parsed so far: 3400000
2017-04-25 15:08:11,470 - INFO - Reads parsed so far: 3500000
2017-04-25 15:08:13,403 - INFO - Reads parsed so far: 3600000
2017-04-25 15:08:14,402 - INFO - Reads parsed so far: 3700000
2017-04-25 15:08:15,389 - INFO - Reads parsed so far: 3800000
2017-04-25 15:08:16,383 - INFO - Reads parsed so far: 3900000
2017-04-25 15:08:17,382 - INFO - Reads parsed so far: 4000000
2017-04-25 15:08:18,378 - INFO - Reads parsed so far: 4100000
2017-04-25 15:08:19,375 - INFO - Reads parsed so far: 4200000
2017-04-25 15:08:20,368 - INFO - Reads parsed so far: 4300000
2017-04-25 15:08:21,357 - INFO - Reads parsed so far: 4400000
2017-04-25 15:08:22,343 - INFO - Reads parsed so far: 4500000
2017-04-25 15:08:24,468 - INFO - Reads parsed so far: 4600000
2017-04-25 15:08:25,473 - INFO - Reads parsed so far: 4700000
2017-04-25 15:08:26,458 - INFO - Reads parsed so far: 4800000
2017-04-25 15:08:27,453 - INFO - Reads parsed so far: 4900000
2017-04-25 15:08:28,681 - INFO - Reads parsed so far: 5000000
2017-04-25 15:08:29,683 - INFO - Reads parsed so far: 5100000
2017-04-25 15:08:30,693 - INFO - Reads parsed so far: 5200000
2017-04-25 15:08:31,691 - INFO - Reads parsed so far: 5300000
2017-04-25 15:08:32,689 - INFO - Reads parsed so far: 5400000
2017-04-25 15:08:33,671 - INFO - Reads parsed so far: 5500000
2017-04-25 15:08:34,669 - INFO - Reads parsed so far: 5600000
2017-04-25 15:08:35,665 - INFO - Reads parsed so far: 5700000
2017-04-25 15:08:36,649 - INFO - Reads parsed so far: 5800000
2017-04-25 15:08:37,644 - INFO - Reads parsed so far: 5900000
2017-04-25 15:08:40,493 - INFO - Reads parsed so far: 6000000
2017-04-25 15:08:41,478 - INFO - Reads parsed so far: 6100000
2017-04-25 15:08:42,473 - INFO - Reads parsed so far: 6200000
2017-04-25 15:08:43,453 - INFO - Reads parsed so far: 6300000
2017-04-25 15:08:44,461 - INFO - Reads parsed so far: 6400000
2017-04-25 15:08:45,446 - INFO - Reads parsed so far: 6500000
2017-04-25 15:08:46,444 - INFO - Reads parsed so far: 6600000
2017-04-25 15:08:47,440 - INFO - Reads parsed so far: 6700000
2017-04-25 15:08:48,424 - INFO - Reads parsed so far: 6800000
2017-04-25 15:08:49,418 - INFO - Reads parsed so far: 6900000
2017-04-25 15:08:50,409 - INFO - Reads parsed so far: 7000000
2017-04-25 15:08:51,398 - INFO - Reads parsed so far: 7100000
2017-04-25 15:08:52,382 - INFO - Reads parsed so far: 7200000
2017-04-25 15:08:53,379 - INFO - Reads parsed so far: 7300000
2017-04-25 15:08:54,410 - INFO - Reads parsed so far: 7400000
2017-04-25 15:08:55,395 - INFO - Reads parsed so far: 7500000
2017-04-25 15:08:56,391 - INFO - Reads parsed so far: 7600000
2017-04-25 15:08:57,378 - INFO - Reads parsed so far: 7700000
2017-04-25 15:08:58,372 - INFO - Reads parsed so far: 7800000
2017-04-25 15:08:59,358 - INFO - Reads parsed so far: 7900000
2017-04-25 15:09:02,640 - INFO - Reads parsed so far: 8000000
2017-04-25 15:09:03,616 - INFO - Reads parsed so far: 8100000
2017-04-25 15:09:04,605 - INFO - Reads parsed so far: 8200000
2017-04-25 15:09:05,620 - INFO - Reads parsed so far: 8300000
2017-04-25 15:09:06,616 - INFO - Reads parsed so far: 8400000
2017-04-25 15:09:07,629 - INFO - Reads parsed so far: 8500000
2017-04-25 15:09:08,628 - INFO - Reads parsed so far: 8600000
2017-04-25 15:09:09,641 - INFO - Reads parsed so far: 8700000
2017-04-25 15:09:10,647 - INFO - Reads parsed so far: 8800000
2017-04-25 15:09:11,655 - INFO - Reads parsed so far: 8900000
2017-04-25 15:09:12,671 - INFO - Reads parsed so far: 9000000
2017-04-25 15:09:13,683 - INFO - Reads parsed so far: 9100000
2017-04-25 15:09:14,697 - INFO - Reads parsed so far: 9200000
2017-04-25 15:09:15,692 - INFO - Reads parsed so far: 9300000
2017-04-25 15:09:16,691 - INFO - Reads parsed so far: 9400000
2017-04-25 15:09:17,792 - INFO - Reads parsed so far: 9500000
2017-04-25 15:09:18,803 - INFO - Reads parsed so far: 9600000
2017-04-25 15:09:19,808 - INFO - Reads parsed so far: 9700000
2017-04-25 15:09:20,825 - INFO - Reads parsed so far: 9800000
2017-04-25 15:09:21,837 - INFO - Reads parsed so far: 9900000
2017-04-25 15:09:22,838 - INFO - Reads parsed so far: 10000000
2017-04-25 15:09:23,856 - INFO - Reads parsed so far: 10100000
2017-04-25 15:09:24,878 - INFO - Reads parsed so far: 10200000
2017-04-25 15:09:25,895 - INFO - Reads parsed so far: 10300000
2017-04-25 15:09:26,920 - INFO - Reads parsed so far: 10400000
2017-04-25 15:09:27,890 - INFO - Finished parsing all 10496589 reads; ended up with 5065373 unique barcodes.

2017-04-25 15:09:27,896 - INFO - Now examining the 5065373 barcodes to see if reads meet criteria for retention
2017-04-25 15:09:30,909 - INFO - Barcodes examined so far: 100000
2017-04-25 15:09:33,261 - INFO - Barcodes examined so far: 200000
2017-04-25 15:09:35,312 - INFO - Barcodes examined so far: 300000
2017-04-25 15:09:37,590 - INFO - Barcodes examined so far: 400000
2017-04-25 15:09:40,139 - INFO - Barcodes examined so far: 500000
2017-04-25 15:09:42,432 - INFO - Barcodes examined so far: 600000
2017-04-25 15:09:44,466 - INFO - Barcodes examined so far: 700000
2017-04-25 15:09:46,619 - INFO - Barcodes examined so far: 800000
2017-04-25 15:09:49,126 - INFO - Barcodes examined so far: 900000
2017-04-25 15:09:51,446 - INFO - Barcodes examined so far: 1000000
2017-04-25 15:09:53,574 - INFO - Barcodes examined so far: 1100000
2017-04-25 15:09:55,667 - INFO - Barcodes examined so far: 1200000
2017-04-25 15:09:58,073 - INFO - Barcodes examined so far: 1300000
2017-04-25 15:10:00,585 - INFO - Barcodes examined so far: 1400000
2017-04-25 15:10:02,770 - INFO - Barcodes examined so far: 1500000
2017-04-25 15:10:04,867 - INFO - Barcodes examined so far: 1600000
2017-04-25 15:10:07,270 - INFO - Barcodes examined so far: 1700000
2017-04-25 15:10:09,865 - INFO - Barcodes examined so far: 1800000
2017-04-25 15:10:12,098 - INFO - Barcodes examined so far: 1900000
2017-04-25 15:10:14,306 - INFO - Barcodes examined so far: 2000000
2017-04-25 15:10:16,800 - INFO - Barcodes examined so far: 2100000
2017-04-25 15:10:19,331 - INFO - Barcodes examined so far: 2200000
2017-04-25 15:10:21,527 - INFO - Barcodes examined so far: 2300000
2017-04-25 15:10:23,678 - INFO - Barcodes examined so far: 2400000
2017-04-25 15:10:26,004 - INFO - Barcodes examined so far: 2500000
2017-04-25 15:10:28,385 - INFO - Barcodes examined so far: 2600000
2017-04-25 15:10:30,650 - INFO - Barcodes examined so far: 2700000
2017-04-25 15:10:32,787 - INFO - Barcodes examined so far: 2800000
2017-04-25 15:10:35,095 - INFO - Barcodes examined so far: 2900000
2017-04-25 15:10:37,607 - INFO - Barcodes examined so far: 3000000
2017-04-25 15:10:39,847 - INFO - Barcodes examined so far: 3100000
2017-04-25 15:10:42,034 - INFO - Barcodes examined so far: 3200000
2017-04-25 15:10:44,455 - INFO - Barcodes examined so far: 3300000
2017-04-25 15:10:46,809 - INFO - Barcodes examined so far: 3400000
2017-04-25 15:10:49,154 - INFO - Barcodes examined so far: 3500000
2017-04-25 15:10:51,436 - INFO - Barcodes examined so far: 3600000
2017-04-25 15:10:54,107 - INFO - Barcodes examined so far: 3700000
2017-04-25 15:10:57,178 - INFO - Barcodes examined so far: 3800000
2017-04-25 15:10:59,962 - INFO - Barcodes examined so far: 3900000
2017-04-25 15:11:03,306 - INFO - Barcodes examined so far: 4000000
2017-04-25 15:11:07,869 - INFO - Barcodes examined so far: 4100000
2017-04-25 15:11:11,552 - INFO - Barcodes examined so far: 4200000
2017-04-25 15:11:17,091 - INFO - Barcodes examined so far: 4300000
2017-04-25 15:11:21,498 - INFO - Barcodes examined so far: 4400000
2017-04-25 15:11:27,909 - INFO - Barcodes examined so far: 4500000
2017-04-25 15:11:33,389 - INFO - Barcodes examined so far: 4600000
2017-04-25 15:11:39,728 - INFO - Barcodes examined so far: 4700000
2017-04-25 15:11:47,552 - INFO - Barcodes examined so far: 4800000
2017-04-25 15:11:55,830 - INFO - Barcodes examined so far: 4900000
2017-04-25 15:12:08,046 - INFO - Barcodes examined so far: 5000000
2017-04-25 15:12:24,564 - INFO - Finished examining all 5065373 barcodes

2017-04-25 15:12:24,592 - INFO - Writing the codon counts to ./counts//mut-virus_3_counts.txt
2017-04-25 15:12:24,628 - INFO - Here are the summary statistics (these are also being written to ./counts//mut-virus_3_summarystats.txt):
	total read pairs = 10496589
	read pairs that fail Illumina filter = 0
	low quality read pairs = 2669816
	barcodes randomly purged = 0
	discarded barcodes with 1 reads = 3305495
	aligned barcodes with 2 reads = 953353
	discarded barcodes with 2 reads = 9635
	un-alignable barcodes with 2 reads = 129240
	aligned barcodes with 3 reads = 415507
	discarded barcodes with 3 reads = 5920
	un-alignable barcodes with 3 reads = 16875
	aligned barcodes with 4 reads = 147840
	discarded barcodes with 4 reads = 3059
	un-alignable barcodes with 4 reads = 5203
	aligned barcodes with 5 reads = 48034
	discarded barcodes with 5 reads = 1369
	un-alignable barcodes with 5 reads = 1685
	aligned barcodes with 6 reads = 14572
	discarded barcodes with 6 reads = 560
	un-alignable barcodes with 6 reads = 509
	aligned barcodes with 7 reads = 4285
	discarded barcodes with 7 reads = 185
	un-alignable barcodes with 7 reads = 152
	aligned barcodes with 8 reads = 1268
	discarded barcodes with 8 reads = 79
	un-alignable barcodes with 8 reads = 42
	aligned barcodes with 9 reads = 341
	discarded barcodes with 9 reads = 19
	un-alignable barcodes with 9 reads = 12
	aligned barcodes with 10 reads = 77
	discarded barcodes with 10 reads = 7
	un-alignable barcodes with 10 reads = 2
	aligned barcodes with 11 reads = 28
	discarded barcodes with 11 reads = 4
	aligned barcodes with 12 reads = 12
	aligned barcodes with 13 reads = 4
2017-04-25 15:12:24,629 - INFO - Successful completion of dms_barcodedsubamplicons at Tue Apr 25 15:12:24 2017
